<?xml version="1.0" encoding="UTF-8" standalone="yes"?><!DOCTYPE report PUBLIC "-//JACOCO//DTD Report 1.0//EN" "report.dtd"><report name="JaCoCoverage analysis (powered by JaCoCo from EclEmma)"><sessioninfo id="DESKTOP-CFBGGNS-90f0d548" start="1592518097577" dump="1592518097870"/><sessioninfo id="DESKTOP-CFBGGNS-324b0610" start="1592518098091" dump="1592518098374"/><sessioninfo id="DESKTOP-CFBGGNS-92097d27" start="1592518098610" dump="1592518098900"/><package name="iker/gcalvino/op2"><class name="iker/gcalvino/op2/Decoding"><method name="&lt;init&gt;" desc="()V" line="3"><counter type="INSTRUCTION" missed="0" covered="3"/><counter type="LINE" missed="0" covered="1"/><counter type="COMPLEXITY" missed="0" covered="1"/><counter type="METHOD" missed="0" covered="1"/></method><method name="operate" desc="(Ljava/lang/String;Ljava/lang/String;)Ljava/lang/String;" line="9"><counter type="INSTRUCTION" missed="68" covered="0"/><counter type="BRANCH" missed="26" covered="0"/><counter type="LINE" missed="10" covered="0"/><counter type="COMPLEXITY" missed="19" covered="0"/><counter type="METHOD" missed="1" covered="0"/></method><counter type="INSTRUCTION" missed="68" covered="3"/><counter type="BRANCH" missed="26" covered="0"/><counter type="LINE" missed="10" covered="1"/><counter type="COMPLEXITY" missed="19" covered="1"/><counter type="METHOD" missed="1" covered="1"/><counter type="CLASS" missed="0" covered="1"/></class><class name="iker/gcalvino/op2/Encoding"><method name="&lt;init&gt;" desc="()V" line="3"><counter type="INSTRUCTION" missed="0" covered="3"/><counter type="LINE" missed="0" covered="1"/><counter type="COMPLEXITY" missed="0" covered="1"/><counter type="METHOD" missed="0" covered="1"/></method><method name="operate" desc="(Ljava/lang/String;Ljava/lang/String;)Ljava/lang/String;" line="9"><counter type="INSTRUCTION" missed="0" covered="273"/><counter type="BRANCH" missed="15" covered="39"/><counter type="LINE" missed="0" covered="41"/><counter type="COMPLEXITY" missed="15" covered="18"/><counter type="METHOD" missed="0" covered="1"/></method><counter type="INSTRUCTION" missed="0" covered="276"/><counter type="BRANCH" missed="15" covered="39"/><counter type="LINE" missed="0" covered="42"/><counter type="COMPLEXITY" missed="15" covered="19"/><counter type="METHOD" missed="0" covered="2"/><counter type="CLASS" missed="0" covered="1"/></class><class name="iker/gcalvino/op2/Scrambler"><method name="&lt;init&gt;" desc="()V" line="5"><counter type="INSTRUCTION" missed="0" covered="13"/><counter type="LINE" missed="0" covered="3"/><counter type="COMPLEXITY" missed="0" covered="1"/><counter type="METHOD" missed="0" covered="1"/></method><method name="encodePassword" desc="(Ljava/lang/String;Ljava/util/List;)Ljava/lang/String;" line="12"><counter type="INSTRUCTION" missed="0" covered="24"/><counter type="BRANCH" missed="0" covered="2"/><counter type="LINE" missed="0" covered="4"/><counter type="COMPLEXITY" missed="0" covered="2"/><counter type="METHOD" missed="0" covered="1"/></method><method name="decodePassword" desc="(Ljava/lang/String;Ljava/util/List;)Ljava/lang/String;" line="21"><counter type="INSTRUCTION" missed="18" covered="5"/><counter type="BRANCH" missed="1" covered="1"/><counter type="LINE" missed="3" covered="1"/><counter type="COMPLEXITY" missed="1" covered="1"/><counter type="METHOD" missed="0" covered="1"/></method><counter type="INSTRUCTION" missed="18" covered="42"/><counter type="BRANCH" missed="1" covered="3"/><counter type="LINE" missed="3" covered="8"/><counter type="COMPLEXITY" missed="1" covered="4"/><counter type="METHOD" missed="0" covered="3"/><counter type="CLASS" missed="0" covered="1"/></class><sourcefile name="Decoding.java"><line nr="3" mi="0" ci="3" mb="0" cb="0"/><line nr="9" mi="2" ci="0" mb="0" cb="0"/><line nr="10" mi="5" ci="0" mb="0" cb="0"/><line nr="11" mi="53" ci="0" mb="26" cb="0"/><line nr="13" mi="1" ci="0" mb="0" cb="0"/><line nr="16" mi="1" ci="0" mb="0" cb="0"/><line nr="19" mi="1" ci="0" mb="0" cb="0"/><line nr="22" mi="1" ci="0" mb="0" cb="0"/><line nr="25" mi="1" ci="0" mb="0" cb="0"/><line nr="28" mi="1" ci="0" mb="0" cb="0"/><line nr="33" mi="2" ci="0" mb="0" cb="0"/><counter type="INSTRUCTION" missed="68" covered="3"/><counter type="BRANCH" missed="26" covered="0"/><counter type="LINE" missed="10" covered="1"/><counter type="COMPLEXITY" missed="19" covered="1"/><counter type="METHOD" missed="1" covered="1"/><counter type="CLASS" missed="0" covered="1"/></sourcefile><sourcefile name="Scrambler.java"><line nr="5" mi="0" ci="2" mb="0" cb="0"/><line nr="7" mi="0" ci="5" mb="0" cb="0"/><line nr="8" mi="0" ci="6" mb="0" cb="0"/><line nr="12" mi="0" ci="8" mb="0" cb="2"/><line nr="13" mi="0" ci="8" mb="0" cb="0"/><line nr="14" mi="0" ci="6" mb="0" cb="0"/><line nr="16" mi="0" ci="2" mb="0" cb="0"/><line nr="21" mi="2" ci="5" mb="1" cb="1"/><line nr="22" mi="8" ci="0" mb="0" cb="0"/><line nr="23" mi="6" ci="0" mb="0" cb="0"/><line nr="25" mi="2" ci="0" mb="0" cb="0"/><counter type="INSTRUCTION" missed="18" covered="42"/><counter type="BRANCH" missed="1" covered="3"/><counter type="LINE" missed="3" covered="8"/><counter type="COMPLEXITY" missed="1" covered="4"/><counter type="METHOD" missed="0" covered="3"/><counter type="CLASS" missed="0" covered="1"/></sourcefile><sourcefile name="Encoding.java"><line nr="3" mi="0" ci="3" mb="0" cb="0"/><line nr="9" mi="0" ci="2" mb="0" cb="0"/><line nr="10" mi="0" ci="5" mb="0" cb="0"/><line nr="11" mi="0" ci="53" mb="8" cb="18"/><line nr="13" mi="0" ci="5" mb="0" cb="0"/><line nr="14" mi="0" ci="5" mb="0" cb="0"/><line nr="15" mi="0" ci="8" mb="2" cb="2"/><line nr="16" mi="0" ci="4" mb="0" cb="0"/><line nr="17" mi="0" ci="4" mb="0" cb="0"/><line nr="18" mi="0" ci="4" mb="0" cb="0"/><line nr="19" mi="0" ci="4" mb="0" cb="0"/><line nr="21" mi="0" ci="3" mb="0" cb="0"/><line nr="22" mi="0" ci="1" mb="0" cb="0"/><line nr="25" mi="0" ci="4" mb="0" cb="0"/><line nr="26" mi="0" ci="4" mb="0" cb="0"/><line nr="27" mi="0" ci="5" mb="0" cb="0"/><line nr="28" mi="0" ci="5" mb="0" cb="0"/><line nr="29" mi="0" ci="8" mb="0" cb="2"/><line nr="31" mi="0" ci="12" mb="0" cb="4"/><line nr="32" mi="0" ci="4" mb="0" cb="0"/><line nr="35" mi="0" ci="3" mb="0" cb="0"/><line nr="36" mi="0" ci="1" mb="0" cb="0"/><line nr="39" mi="0" ci="1" mb="0" cb="0"/><line nr="42" mi="0" ci="1" mb="0" cb="0"/><line nr="45" mi="0" ci="9" mb="0" cb="2"/><line nr="46" mi="0" ci="5" mb="0" cb="0"/><line nr="47" mi="0" ci="6" mb="0" cb="0"/><line nr="49" mi="0" ci="5" mb="0" cb="0"/><line nr="50" mi="0" ci="5" mb="0" cb="0"/><line nr="52" mi="0" ci="8" mb="2" cb="2"/><line nr="53" mi="0" ci="10" mb="0" cb="0"/><line nr="54" mi="0" ci="3" mb="0" cb="0"/><line nr="55" mi="0" ci="6" mb="1" cb="3"/><line nr="56" mi="0" ci="20" mb="0" cb="0"/><line nr="58" mi="0" ci="2" mb="1" cb="1"/><line nr="59" mi="0" ci="14" mb="0" cb="0"/><line nr="61" mi="0" ci="6" mb="0" cb="2"/><line nr="62" mi="0" ci="13" mb="0" cb="0"/><line nr="64" mi="0" ci="8" mb="1" cb="3"/><line nr="65" mi="0" ci="4" mb="0" cb="0"/><line nr="72" mi="0" ci="1" mb="0" cb="0"/><line nr="77" mi="0" ci="2" mb="0" cb="0"/><counter type="INSTRUCTION" missed="0" covered="276"/><counter type="BRANCH" missed="15" covered="39"/><counter type="LINE" missed="0" covered="42"/><counter type="COMPLEXITY" missed="15" covered="19"/><counter type="METHOD" missed="0" covered="2"/><counter type="CLASS" missed="0" covered="1"/></sourcefile><counter type="INSTRUCTION" missed="86" covered="321"/><counter type="BRANCH" missed="42" covered="42"/><counter type="LINE" missed="13" covered="51"/><counter type="COMPLEXITY" missed="35" covered="24"/><counter type="METHOD" missed="1" covered="6"/><counter type="CLASS" missed="0" covered="3"/></package><counter type="INSTRUCTION" missed="86" covered="321"/><counter type="BRANCH" missed="42" covered="42"/><counter type="LINE" missed="13" covered="51"/><counter type="COMPLEXITY" missed="35" covered="24"/><counter type="METHOD" missed="1" covered="6"/><counter type="CLASS" missed="0" covered="3"/></report>